<?xml version="1.0" encoding="UTF-8"?>
<!-- Generated by org.testng.reporters.JUnitReportReporter -->
<testsuite hostname="LAPTOP-T51A3O5O" failures="0" tests="3" name="TestNgPack.MyClass1" time="0.010" errors="0" timestamp="2023-09-10T06:25:31 IST" skipped="0">
  <testcase classname="TestNgPack.MyClass1" name="ind" time="0.008"/>
  <system-out/>
  <testcase classname="TestNgPack.MyClass1" name="uk" time="0.001"/>
  <system-out/>
  <testcase classname="TestNgPack.MyClass1" name="pak" time="0.001"/>
  <system-out/>
</testsuite> <!-- TestNgPack.MyClass1 -->
